Arguments: 
  /usr/bin/node /usr/share/yarn/bin/yarn.js global bin

PATH: 
  /home/ishmeet/.rbenv/plugins/ruby-build/bin:/home/ishmeet/.rbenv/shims:/home/ishmeet/.rbenv/bin:/usr/local/sbin:/usr/local/bin:/usr/sbin:/usr/bin:/sbin:/bin:/usr/games:/usr/local/games:/usr/lib/wsl/lib:/mnt/c/Windows/system32:/mnt/c/Windows:/mnt/c/Windows/System32/Wbem:/mnt/c/Windows/System32/WindowsPowerShell/v1.0/:/mnt/c/Windows/System32/OpenSSH/:/mnt/c/Program Files (x86)/jdk-11.0.1/bin:/mnt/c/Program Files/Git/cmd:/mnt/c/Program Files/Docker/Docker/resources/bin:/mnt/c/Program Files/nodejs/:/mnt/c/Users/A/AppData/Local/Programs/Python/Python311/Scripts/:/mnt/c/Users/A/AppData/Local/Programs/Python/Python311/:/mnt/c/Users/A/AppData/Local/Microsoft/WindowsApps:/mnt/c/Users/A/AppData/Local/Programs/Microsoft VS Code/bin:/mnt/c/Users/A/AppData/Local/GitHubDesktop/bin:/mnt/c/Users/A/AppData/Roaming/npm:/snap/bin

Yarn version: 
  1.22.19

Node version: 
  12.22.12

Platform: 
  linux x64

Trace: 
  SyntaxError: /mnt/c/Users/A/Desktop/Coding_Assgnment12/package.json: Unexpected token } in JSON at position 201
      at JSON.parse (<anonymous>)
      at /usr/share/yarn/lib/cli.js:1629:59
      at Generator.next (<anonymous>)
      at step (/usr/share/yarn/lib/cli.js:310:30)
      at /usr/share/yarn/lib/cli.js:321:13

npm manifest: 
  {
    "name": "coding_assgnment12",
    "version": "1.0.0",
    "description": "",
  
    "scripts": {
      "test": "echo \"Error: no test specified\" && exit 1",
      "build": "rollup -c --bundleConfigAsCjs",
  
    },
    "author": "",
    "license": "ISC",
    "devDependencies": {
      "@rollup/plugin-commonjs": "^25.0.2",
      "@rollup/plugin-node-resolve": "^15.1.0",
      "@rollup/plugin-typescript": "^11.1.1",
      "@types/react": "^18.2.13",
      "@types/styled-components": "^5.1.26",
      "react": "^18.2.0",
      "rollup": "^3.25.1",
      "rollup-plugin-dts": "^5.3.0",
      "rollup-plugin-peer-deps-external": "^2.2.4",
      "rollup-plugin-terser": "^7.0.2",
      "styled-components": "^6.0.0-rc.5",
      "typescript": "^5.1.3"
    },
   "main": "dist/cjs/index.js",
  "module": "dist/esm/index.js",
  "types": "dist/index.d.ts"
  }

yarn manifest: 
  No manifest

Lockfile: 
  No lockfile
